DEBUG   |200202 18:42:56| -- Loaded stored Akeeba Factory (backend) [backend]
DEBUG   |200202 18:42:56|Fetching filter data from database
DEBUG   |200202 18:42:56|Loading filters
DEBUG   |200202 18:42:56|-- Loading filter Regexskipdirs
DEBUG   |200202 18:42:56|-- Loading filter Files
DEBUG   |200202 18:42:56|-- Loading filter Tables
DEBUG   |200202 18:42:56|-- Loading filter Skipfiles
DEBUG   |200202 18:42:56|-- Loading filter Extradirs
DEBUG   |200202 18:42:56|-- Loading filter Regextabledata
DEBUG   |200202 18:42:56|-- Loading filter Directories
DEBUG   |200202 18:42:56|-- Loading filter Regexskipfiles
DEBUG   |200202 18:42:56|-- Loading filter Multidb
DEBUG   |200202 18:42:56|-- Loading filter Regextables
DEBUG   |200202 18:42:56|-- Loading filter Tabledata
DEBUG   |200202 18:42:56|-- Loading filter Incremental
DEBUG   |200202 18:42:56|-- Loading filter Regexdirectories
DEBUG   |200202 18:42:56|-- Loading filter Regexfiles
DEBUG   |200202 18:42:56|-- Loading filter Skipdirs
DEBUG   |200202 18:42:56|-- Loading filter Excludefolders
DEBUG   |200202 18:42:56|-- Loading filter Excludefiles
DEBUG   |200202 18:42:56|-- Loading filter Cvsfolders
DEBUG   |200202 18:42:56|-- Loading filter Excludetabledata
DEBUG   |200202 18:42:56|-- Loading filter Joomlaskipfiles
DEBUG   |200202 18:42:56|-- Loading filter Libraries
DEBUG   |200202 18:42:56|-- Loading filter Joomlaskipdirs
DEBUG   |200202 18:42:56|-- Loading filter Siteroot
DEBUG   |200202 18:42:56|-- Loading filter Systemcachefiles
DEBUG   |200202 18:42:56|-- Loading filter Sitedb
DEBUG   |200202 18:42:56|Loading optional filters
DEBUG   |200202 18:42:56|-- Loading optional filter Stack\StackHoststats
DEBUG   |200202 18:42:56|-- Loading optional filter Stack\StackErrorlogs
DEBUG   |200202 18:42:56|-- Loading optional filter Stack\StackMyjoomla
DEBUG   |200202 18:42:56|-- Loading optional filter Stack\StackActionlogs
DEBUG   |200202 18:42:56|-- Loading optional filter Stack\StackFinder
